INFO [2025-03-26 13:42:04] [[1]]
INFO [2025-03-26 13:42:04] venn.list.a
INFO [2025-03-26 13:42:04] 
INFO [2025-03-26 13:42:04] $filename
INFO [2025-03-26 13:42:04] NULL
INFO [2025-03-26 13:42:04] 
INFO [2025-03-26 13:42:04] $fill
INFO [2025-03-26 13:42:04] c("red", "blue", "green")
INFO [2025-03-26 13:42:04] 
INFO [2025-03-26 13:42:04] $alpha
INFO [2025-03-26 13:42:04] [1] 0.5
INFO [2025-03-26 13:42:04] 
INFO [2025-03-26 13:42:04] $cex
INFO [2025-03-26 13:42:04] [1] 1.5
INFO [2025-03-26 13:42:04] 
INFO [2025-03-26 13:42:04] $cat.cex
INFO [2025-03-26 13:42:04] [1] 1.2
INFO [2025-03-26 13:42:04] 
INFO [2025-03-26 13:42:04] $cat.col
INFO [2025-03-26 13:42:04] c("red", "blue", "green")
INFO [2025-03-26 13:42:04] 
INFO [2025-03-26 13:42:04] $main
INFO [2025-03-26 13:42:04] [1] "Overlap in Parent Reactome Terms"
INFO [2025-03-26 13:42:04] 
INFO [2025-03-26 13:42:04] [[1]]
INFO [2025-03-26 13:42:04] venn.list.a
INFO [2025-03-26 13:42:04] 
INFO [2025-03-26 13:42:04] $filename
INFO [2025-03-26 13:42:04] NULL
INFO [2025-03-26 13:42:04] 
INFO [2025-03-26 13:42:04] $fill
INFO [2025-03-26 13:42:04] c("red", "blue", "green")
INFO [2025-03-26 13:42:04] 
INFO [2025-03-26 13:42:04] $alpha
INFO [2025-03-26 13:42:04] [1] 0.5
INFO [2025-03-26 13:42:04] 
INFO [2025-03-26 13:42:04] $cex
INFO [2025-03-26 13:42:04] [1] 1.5
INFO [2025-03-26 13:42:04] 
INFO [2025-03-26 13:42:04] $cat.cex
INFO [2025-03-26 13:42:04] [1] 1.2
INFO [2025-03-26 13:42:04] 
INFO [2025-03-26 13:42:04] $cat.col
INFO [2025-03-26 13:42:04] c("red", "blue", "green")
INFO [2025-03-26 13:42:04] 
INFO [2025-03-26 13:42:04] $main
INFO [2025-03-26 13:42:04] [1] "Overlap in Parent Reactome Terms"
INFO [2025-03-26 13:42:04] 
INFO [2025-03-26 13:42:04] [[1]]
INFO [2025-03-26 13:42:04] venn.list.a
INFO [2025-03-26 13:42:04] 
INFO [2025-03-26 13:42:04] $filename
INFO [2025-03-26 13:42:04] NULL
INFO [2025-03-26 13:42:04] 
INFO [2025-03-26 13:42:04] $fill
INFO [2025-03-26 13:42:04] c("red", "blue", "green")
INFO [2025-03-26 13:42:04] 
INFO [2025-03-26 13:42:04] $alpha
INFO [2025-03-26 13:42:04] [1] 0.5
INFO [2025-03-26 13:42:04] 
INFO [2025-03-26 13:42:04] $cex
INFO [2025-03-26 13:42:04] [1] 1.5
INFO [2025-03-26 13:42:04] 
INFO [2025-03-26 13:42:04] $cat.cex
INFO [2025-03-26 13:42:04] [1] 1.2
INFO [2025-03-26 13:42:04] 
INFO [2025-03-26 13:42:04] $cat.col
INFO [2025-03-26 13:42:04] c("red", "blue", "green")
INFO [2025-03-26 13:42:04] 
INFO [2025-03-26 13:42:04] $main
INFO [2025-03-26 13:42:04] [1] "Overlap in Parent Reactome Terms"
INFO [2025-03-26 13:42:04] 
INFO [2025-03-26 13:42:04] [[1]]
INFO [2025-03-26 13:42:04] venn.list.a
INFO [2025-03-26 13:42:04] 
INFO [2025-03-26 13:42:04] $filename
INFO [2025-03-26 13:42:04] NULL
INFO [2025-03-26 13:42:04] 
INFO [2025-03-26 13:42:04] $fill
INFO [2025-03-26 13:42:04] c("red", "blue", "green")
INFO [2025-03-26 13:42:04] 
INFO [2025-03-26 13:42:04] $alpha
INFO [2025-03-26 13:42:04] [1] 0.5
INFO [2025-03-26 13:42:04] 
INFO [2025-03-26 13:42:04] $cex
INFO [2025-03-26 13:42:04] [1] 1.5
INFO [2025-03-26 13:42:04] 
INFO [2025-03-26 13:42:04] $cat.cex
INFO [2025-03-26 13:42:04] [1] 1.2
INFO [2025-03-26 13:42:04] 
INFO [2025-03-26 13:42:04] $cat.col
INFO [2025-03-26 13:42:04] c("red", "blue", "green")
INFO [2025-03-26 13:42:04] 
INFO [2025-03-26 13:42:04] $main
INFO [2025-03-26 13:42:04] [1] "Overlap in Parent Reactome Terms"
INFO [2025-03-26 13:42:04] 
INFO [2025-03-26 13:42:04] [[1]]
INFO [2025-03-26 13:42:04] venn.list.a
INFO [2025-03-26 13:42:04] 
INFO [2025-03-26 13:42:04] $filename
INFO [2025-03-26 13:42:04] NULL
INFO [2025-03-26 13:42:04] 
INFO [2025-03-26 13:42:04] $fill
INFO [2025-03-26 13:42:04] c("red", "blue", "green")
INFO [2025-03-26 13:42:04] 
INFO [2025-03-26 13:42:04] $alpha
INFO [2025-03-26 13:42:04] [1] 0.5
INFO [2025-03-26 13:42:04] 
INFO [2025-03-26 13:42:04] $cex
INFO [2025-03-26 13:42:04] [1] 1.5
INFO [2025-03-26 13:42:04] 
INFO [2025-03-26 13:42:04] $cat.cex
INFO [2025-03-26 13:42:04] [1] 1.2
INFO [2025-03-26 13:42:04] 
INFO [2025-03-26 13:42:04] $cat.col
INFO [2025-03-26 13:42:04] c("red", "blue", "green")
INFO [2025-03-26 13:42:04] 
INFO [2025-03-26 13:42:04] $main
INFO [2025-03-26 13:42:04] [1] "Overlap in Parent Reactome Terms"
INFO [2025-03-26 13:42:04] 
INFO [2025-03-26 13:42:04] [[1]]
INFO [2025-03-26 13:42:04] venn.list.a
INFO [2025-03-26 13:42:04] 
INFO [2025-03-26 13:42:04] $filename
INFO [2025-03-26 13:42:04] NULL
INFO [2025-03-26 13:42:04] 
INFO [2025-03-26 13:42:04] $fill
INFO [2025-03-26 13:42:04] c("red", "blue", "green")
INFO [2025-03-26 13:42:04] 
INFO [2025-03-26 13:42:04] $alpha
INFO [2025-03-26 13:42:04] [1] 0.5
INFO [2025-03-26 13:42:04] 
INFO [2025-03-26 13:42:04] $cex
INFO [2025-03-26 13:42:04] [1] 1.5
INFO [2025-03-26 13:42:04] 
INFO [2025-03-26 13:42:04] $cat.cex
INFO [2025-03-26 13:42:04] [1] 1.2
INFO [2025-03-26 13:42:04] 
INFO [2025-03-26 13:42:04] $cat.col
INFO [2025-03-26 13:42:04] c("red", "blue", "green")
INFO [2025-03-26 13:42:04] 
INFO [2025-03-26 13:42:04] $main
INFO [2025-03-26 13:42:04] [1] "Overlap in Parent Reactome Terms"
INFO [2025-03-26 13:42:04] 
INFO [2025-03-26 13:42:04] [[1]]
INFO [2025-03-26 13:42:04] venn.list.a
INFO [2025-03-26 13:42:04] 
INFO [2025-03-26 13:42:04] $filename
INFO [2025-03-26 13:42:04] NULL
INFO [2025-03-26 13:42:04] 
INFO [2025-03-26 13:42:04] $fill
INFO [2025-03-26 13:42:04] c("red", "blue", "green")
INFO [2025-03-26 13:42:04] 
INFO [2025-03-26 13:42:04] $alpha
INFO [2025-03-26 13:42:04] [1] 0.5
INFO [2025-03-26 13:42:04] 
INFO [2025-03-26 13:42:04] $cex
INFO [2025-03-26 13:42:04] [1] 1.5
INFO [2025-03-26 13:42:04] 
INFO [2025-03-26 13:42:04] $cat.cex
INFO [2025-03-26 13:42:04] [1] 1.2
INFO [2025-03-26 13:42:04] 
INFO [2025-03-26 13:42:04] $cat.col
INFO [2025-03-26 13:42:04] c("red", "blue", "green")
INFO [2025-03-26 13:42:04] 
INFO [2025-03-26 13:42:04] $main
INFO [2025-03-26 13:42:04] [1] "Overlap in Parent Reactome Terms"
INFO [2025-03-26 13:42:04] 
