INFO [2025-03-29 17:02:15] [[1]]
INFO [2025-03-29 17:02:15] venn.list.a
INFO [2025-03-29 17:02:15] 
INFO [2025-03-29 17:02:15] $filename
INFO [2025-03-29 17:02:15] NULL
INFO [2025-03-29 17:02:15] 
INFO [2025-03-29 17:02:15] $fill
INFO [2025-03-29 17:02:15] c("red", "blue", "green")
INFO [2025-03-29 17:02:15] 
INFO [2025-03-29 17:02:15] $alpha
INFO [2025-03-29 17:02:15] [1] 0.5
INFO [2025-03-29 17:02:15] 
INFO [2025-03-29 17:02:15] $cex
INFO [2025-03-29 17:02:15] [1] 1.5
INFO [2025-03-29 17:02:15] 
INFO [2025-03-29 17:02:15] $cat.cex
INFO [2025-03-29 17:02:15] [1] 1.2
INFO [2025-03-29 17:02:15] 
INFO [2025-03-29 17:02:15] $cat.col
INFO [2025-03-29 17:02:15] c("red", "blue", "green")
INFO [2025-03-29 17:02:15] 
INFO [2025-03-29 17:02:15] $main
INFO [2025-03-29 17:02:15] [1] "Overlap in Parent Reactome Terms"
INFO [2025-03-29 17:02:15] 
INFO [2025-03-29 17:02:15] [[1]]
INFO [2025-03-29 17:02:15] venn.list.a
INFO [2025-03-29 17:02:15] 
INFO [2025-03-29 17:02:15] $filename
INFO [2025-03-29 17:02:15] NULL
INFO [2025-03-29 17:02:15] 
INFO [2025-03-29 17:02:15] $fill
INFO [2025-03-29 17:02:15] c("red", "blue", "green")
INFO [2025-03-29 17:02:15] 
INFO [2025-03-29 17:02:15] $alpha
INFO [2025-03-29 17:02:15] [1] 0.5
INFO [2025-03-29 17:02:15] 
INFO [2025-03-29 17:02:15] $cex
INFO [2025-03-29 17:02:15] [1] 1.5
INFO [2025-03-29 17:02:15] 
INFO [2025-03-29 17:02:15] $cat.cex
INFO [2025-03-29 17:02:15] [1] 1.2
INFO [2025-03-29 17:02:15] 
INFO [2025-03-29 17:02:15] $cat.col
INFO [2025-03-29 17:02:15] c("red", "blue", "green")
INFO [2025-03-29 17:02:15] 
INFO [2025-03-29 17:02:15] $main
INFO [2025-03-29 17:02:15] [1] "Overlap in Parent Reactome Terms"
INFO [2025-03-29 17:02:15] 
INFO [2025-03-29 17:02:15] [[1]]
INFO [2025-03-29 17:02:15] venn.list.a
INFO [2025-03-29 17:02:15] 
INFO [2025-03-29 17:02:15] $filename
INFO [2025-03-29 17:02:15] NULL
INFO [2025-03-29 17:02:15] 
INFO [2025-03-29 17:02:15] $fill
INFO [2025-03-29 17:02:15] c("red", "blue", "green")
INFO [2025-03-29 17:02:15] 
INFO [2025-03-29 17:02:15] $alpha
INFO [2025-03-29 17:02:15] [1] 0.5
INFO [2025-03-29 17:02:15] 
INFO [2025-03-29 17:02:15] $cex
INFO [2025-03-29 17:02:15] [1] 1.5
INFO [2025-03-29 17:02:15] 
INFO [2025-03-29 17:02:15] $cat.cex
INFO [2025-03-29 17:02:15] [1] 1.2
INFO [2025-03-29 17:02:15] 
INFO [2025-03-29 17:02:15] $cat.col
INFO [2025-03-29 17:02:15] c("red", "blue", "green")
INFO [2025-03-29 17:02:15] 
INFO [2025-03-29 17:02:15] $main
INFO [2025-03-29 17:02:15] [1] "Overlap in Parent Reactome Terms"
INFO [2025-03-29 17:02:15] 
INFO [2025-03-29 17:02:15] [[1]]
INFO [2025-03-29 17:02:15] venn.list.a
INFO [2025-03-29 17:02:15] 
INFO [2025-03-29 17:02:15] $filename
INFO [2025-03-29 17:02:15] NULL
INFO [2025-03-29 17:02:15] 
INFO [2025-03-29 17:02:15] $fill
INFO [2025-03-29 17:02:15] c("red", "blue", "green")
INFO [2025-03-29 17:02:15] 
INFO [2025-03-29 17:02:15] $alpha
INFO [2025-03-29 17:02:15] [1] 0.5
INFO [2025-03-29 17:02:15] 
INFO [2025-03-29 17:02:15] $cex
INFO [2025-03-29 17:02:15] [1] 1.5
INFO [2025-03-29 17:02:15] 
INFO [2025-03-29 17:02:15] $cat.cex
INFO [2025-03-29 17:02:15] [1] 1.2
INFO [2025-03-29 17:02:15] 
INFO [2025-03-29 17:02:15] $cat.col
INFO [2025-03-29 17:02:15] c("red", "blue", "green")
INFO [2025-03-29 17:02:15] 
INFO [2025-03-29 17:02:15] $main
INFO [2025-03-29 17:02:15] [1] "Overlap in Parent Reactome Terms"
INFO [2025-03-29 17:02:15] 
INFO [2025-03-29 17:02:15] [[1]]
INFO [2025-03-29 17:02:15] venn.list.a
INFO [2025-03-29 17:02:15] 
INFO [2025-03-29 17:02:15] $filename
INFO [2025-03-29 17:02:15] NULL
INFO [2025-03-29 17:02:15] 
INFO [2025-03-29 17:02:15] $fill
INFO [2025-03-29 17:02:15] c("red", "blue", "green")
INFO [2025-03-29 17:02:15] 
INFO [2025-03-29 17:02:15] $alpha
INFO [2025-03-29 17:02:15] [1] 0.5
INFO [2025-03-29 17:02:15] 
INFO [2025-03-29 17:02:15] $cex
INFO [2025-03-29 17:02:15] [1] 1.5
INFO [2025-03-29 17:02:15] 
INFO [2025-03-29 17:02:15] $cat.cex
INFO [2025-03-29 17:02:15] [1] 1.2
INFO [2025-03-29 17:02:15] 
INFO [2025-03-29 17:02:15] $cat.col
INFO [2025-03-29 17:02:15] c("red", "blue", "green")
INFO [2025-03-29 17:02:15] 
INFO [2025-03-29 17:02:15] $main
INFO [2025-03-29 17:02:15] [1] "Overlap in Parent Reactome Terms"
INFO [2025-03-29 17:02:15] 
