INFO [2025-03-29 17:02:14] [[1]]
INFO [2025-03-29 17:02:14] venn.list.a
INFO [2025-03-29 17:02:14] 
INFO [2025-03-29 17:02:14] $filename
INFO [2025-03-29 17:02:14] NULL
INFO [2025-03-29 17:02:14] 
INFO [2025-03-29 17:02:14] $fill
INFO [2025-03-29 17:02:14] c("red", "blue", "green")
INFO [2025-03-29 17:02:14] 
INFO [2025-03-29 17:02:14] $alpha
INFO [2025-03-29 17:02:14] [1] 0.5
INFO [2025-03-29 17:02:14] 
INFO [2025-03-29 17:02:14] $cex
INFO [2025-03-29 17:02:14] [1] 1.5
INFO [2025-03-29 17:02:14] 
INFO [2025-03-29 17:02:14] $cat.cex
INFO [2025-03-29 17:02:14] [1] 1.2
INFO [2025-03-29 17:02:14] 
INFO [2025-03-29 17:02:14] $cat.col
INFO [2025-03-29 17:02:14] c("red", "blue", "green")
INFO [2025-03-29 17:02:14] 
INFO [2025-03-29 17:02:14] $main
INFO [2025-03-29 17:02:14] [1] "Overlap in Parent Reactome Terms"
INFO [2025-03-29 17:02:14] 
INFO [2025-03-29 17:02:14] [[1]]
INFO [2025-03-29 17:02:14] venn.list.a
INFO [2025-03-29 17:02:14] 
INFO [2025-03-29 17:02:14] $filename
INFO [2025-03-29 17:02:14] NULL
INFO [2025-03-29 17:02:14] 
INFO [2025-03-29 17:02:14] $fill
INFO [2025-03-29 17:02:14] c("red", "blue", "green")
INFO [2025-03-29 17:02:14] 
INFO [2025-03-29 17:02:14] $alpha
INFO [2025-03-29 17:02:14] [1] 0.5
INFO [2025-03-29 17:02:14] 
INFO [2025-03-29 17:02:14] $cex
INFO [2025-03-29 17:02:14] [1] 1.5
INFO [2025-03-29 17:02:14] 
INFO [2025-03-29 17:02:14] $cat.cex
INFO [2025-03-29 17:02:14] [1] 1.2
INFO [2025-03-29 17:02:14] 
INFO [2025-03-29 17:02:14] $cat.col
INFO [2025-03-29 17:02:14] c("red", "blue", "green")
INFO [2025-03-29 17:02:14] 
INFO [2025-03-29 17:02:14] $main
INFO [2025-03-29 17:02:14] [1] "Overlap in Parent Reactome Terms"
INFO [2025-03-29 17:02:14] 
INFO [2025-03-29 17:02:14] [[1]]
INFO [2025-03-29 17:02:14] venn.list.a
INFO [2025-03-29 17:02:14] 
INFO [2025-03-29 17:02:14] $filename
INFO [2025-03-29 17:02:14] NULL
INFO [2025-03-29 17:02:14] 
INFO [2025-03-29 17:02:14] $fill
INFO [2025-03-29 17:02:14] c("red", "blue", "green")
INFO [2025-03-29 17:02:14] 
INFO [2025-03-29 17:02:14] $alpha
INFO [2025-03-29 17:02:14] [1] 0.5
INFO [2025-03-29 17:02:14] 
INFO [2025-03-29 17:02:14] $cex
INFO [2025-03-29 17:02:14] [1] 1.5
INFO [2025-03-29 17:02:14] 
INFO [2025-03-29 17:02:14] $cat.cex
INFO [2025-03-29 17:02:14] [1] 1.2
INFO [2025-03-29 17:02:14] 
INFO [2025-03-29 17:02:14] $cat.col
INFO [2025-03-29 17:02:14] c("red", "blue", "green")
INFO [2025-03-29 17:02:14] 
INFO [2025-03-29 17:02:14] $main
INFO [2025-03-29 17:02:14] [1] "Overlap in Parent Reactome Terms"
INFO [2025-03-29 17:02:14] 
INFO [2025-03-29 17:02:14] [[1]]
INFO [2025-03-29 17:02:14] venn.list.a
INFO [2025-03-29 17:02:14] 
INFO [2025-03-29 17:02:14] $filename
INFO [2025-03-29 17:02:14] NULL
INFO [2025-03-29 17:02:14] 
INFO [2025-03-29 17:02:14] $fill
INFO [2025-03-29 17:02:14] c("red", "blue", "green")
INFO [2025-03-29 17:02:14] 
INFO [2025-03-29 17:02:14] $alpha
INFO [2025-03-29 17:02:14] [1] 0.5
INFO [2025-03-29 17:02:14] 
INFO [2025-03-29 17:02:14] $cex
INFO [2025-03-29 17:02:14] [1] 1.5
INFO [2025-03-29 17:02:14] 
INFO [2025-03-29 17:02:14] $cat.cex
INFO [2025-03-29 17:02:14] [1] 1.2
INFO [2025-03-29 17:02:14] 
INFO [2025-03-29 17:02:14] $cat.col
INFO [2025-03-29 17:02:14] c("red", "blue", "green")
INFO [2025-03-29 17:02:14] 
INFO [2025-03-29 17:02:14] $main
INFO [2025-03-29 17:02:14] [1] "Overlap in Parent Reactome Terms"
INFO [2025-03-29 17:02:14] 
INFO [2025-03-29 17:02:14] [[1]]
INFO [2025-03-29 17:02:14] venn.list.a
INFO [2025-03-29 17:02:14] 
INFO [2025-03-29 17:02:14] $filename
INFO [2025-03-29 17:02:14] NULL
INFO [2025-03-29 17:02:14] 
INFO [2025-03-29 17:02:14] $fill
INFO [2025-03-29 17:02:14] c("red", "blue", "green")
INFO [2025-03-29 17:02:14] 
INFO [2025-03-29 17:02:14] $alpha
INFO [2025-03-29 17:02:14] [1] 0.5
INFO [2025-03-29 17:02:14] 
INFO [2025-03-29 17:02:14] $cex
INFO [2025-03-29 17:02:14] [1] 1.5
INFO [2025-03-29 17:02:14] 
INFO [2025-03-29 17:02:14] $cat.cex
INFO [2025-03-29 17:02:14] [1] 1.2
INFO [2025-03-29 17:02:14] 
INFO [2025-03-29 17:02:14] $cat.col
INFO [2025-03-29 17:02:14] c("red", "blue", "green")
INFO [2025-03-29 17:02:14] 
INFO [2025-03-29 17:02:14] $main
INFO [2025-03-29 17:02:14] [1] "Overlap in Parent Reactome Terms"
INFO [2025-03-29 17:02:14] 
