INFO [2025-03-26 13:42:03] [[1]]
INFO [2025-03-26 13:42:03] venn.list.a
INFO [2025-03-26 13:42:03] 
INFO [2025-03-26 13:42:03] $filename
INFO [2025-03-26 13:42:03] NULL
INFO [2025-03-26 13:42:03] 
INFO [2025-03-26 13:42:03] $fill
INFO [2025-03-26 13:42:03] c("red", "blue", "green")
INFO [2025-03-26 13:42:03] 
INFO [2025-03-26 13:42:03] $alpha
INFO [2025-03-26 13:42:03] [1] 0.5
INFO [2025-03-26 13:42:03] 
INFO [2025-03-26 13:42:03] $cex
INFO [2025-03-26 13:42:03] [1] 1.5
INFO [2025-03-26 13:42:03] 
INFO [2025-03-26 13:42:03] $cat.cex
INFO [2025-03-26 13:42:03] [1] 1.2
INFO [2025-03-26 13:42:03] 
INFO [2025-03-26 13:42:03] $cat.col
INFO [2025-03-26 13:42:03] c("red", "blue", "green")
INFO [2025-03-26 13:42:03] 
INFO [2025-03-26 13:42:03] $main
INFO [2025-03-26 13:42:03] [1] "Overlap in Parent Reactome Terms"
INFO [2025-03-26 13:42:03] 
INFO [2025-03-26 13:42:03] [[1]]
INFO [2025-03-26 13:42:03] venn.list.a
INFO [2025-03-26 13:42:03] 
INFO [2025-03-26 13:42:03] $filename
INFO [2025-03-26 13:42:03] NULL
INFO [2025-03-26 13:42:03] 
INFO [2025-03-26 13:42:03] $fill
INFO [2025-03-26 13:42:03] c("red", "blue", "green")
INFO [2025-03-26 13:42:03] 
INFO [2025-03-26 13:42:03] $alpha
INFO [2025-03-26 13:42:03] [1] 0.5
INFO [2025-03-26 13:42:03] 
INFO [2025-03-26 13:42:03] $cex
INFO [2025-03-26 13:42:03] [1] 1.5
INFO [2025-03-26 13:42:03] 
INFO [2025-03-26 13:42:03] $cat.cex
INFO [2025-03-26 13:42:03] [1] 1.2
INFO [2025-03-26 13:42:03] 
INFO [2025-03-26 13:42:03] $cat.col
INFO [2025-03-26 13:42:03] c("red", "blue", "green")
INFO [2025-03-26 13:42:03] 
INFO [2025-03-26 13:42:03] $main
INFO [2025-03-26 13:42:03] [1] "Overlap in Parent Reactome Terms"
INFO [2025-03-26 13:42:03] 
INFO [2025-03-26 13:42:03] [[1]]
INFO [2025-03-26 13:42:03] venn.list.a
INFO [2025-03-26 13:42:03] 
INFO [2025-03-26 13:42:03] $filename
INFO [2025-03-26 13:42:03] NULL
INFO [2025-03-26 13:42:03] 
INFO [2025-03-26 13:42:03] $fill
INFO [2025-03-26 13:42:03] c("red", "blue", "green")
INFO [2025-03-26 13:42:03] 
INFO [2025-03-26 13:42:03] $alpha
INFO [2025-03-26 13:42:03] [1] 0.5
INFO [2025-03-26 13:42:03] 
INFO [2025-03-26 13:42:03] $cex
INFO [2025-03-26 13:42:03] [1] 1.5
INFO [2025-03-26 13:42:03] 
INFO [2025-03-26 13:42:03] $cat.cex
INFO [2025-03-26 13:42:03] [1] 1.2
INFO [2025-03-26 13:42:03] 
INFO [2025-03-26 13:42:03] $cat.col
INFO [2025-03-26 13:42:03] c("red", "blue", "green")
INFO [2025-03-26 13:42:03] 
INFO [2025-03-26 13:42:03] $main
INFO [2025-03-26 13:42:03] [1] "Overlap in Parent Reactome Terms"
INFO [2025-03-26 13:42:03] 
